Using pre-set license
Built from '2021.2/staging' branch; Version is '2021.2.7f1 (6bd9e232123f) revision 7068130'; Using compiler version '192829333'; Build Type 'Release'
OS: 'Windows 11  (10.0.22593) 64bit Core' Language: 'en' Physical Memory: 15789 MB
BatchMode: 1, IsHumanControllingUs: 0, StartBugReporterOnCrash: 0, Is64bit: 1, IsPro: 0

COMMAND LINE ARGUMENTS:
C:\Program Files\Unity\Hub\Editor\2021.2.7f1\Editor\Unity.exe
-adb2
-batchMode
-noUpm
-name
AssetImportWorker2
-projectPath
C:/Users/shelt/Documents/GitHub/Unity_MainMenuPackage/MainMenu
-logFile
Logs/AssetImportWorker2.log
-srvPort
65284
Successfully changed project path to: C:/Users/shelt/Documents/GitHub/Unity_MainMenuPackage/MainMenu
C:/Users/shelt/Documents/GitHub/Unity_MainMenuPackage/MainMenu
[UnityMemory] Configuration Parameters - Can be set up in boot.config
    "memorysetup-bucket-allocator-granularity=16"
    "memorysetup-bucket-allocator-bucket-count=8"
    "memorysetup-bucket-allocator-block-size=33554432"
    "memorysetup-bucket-allocator-block-count=8"
    "memorysetup-main-allocator-block-size=16777216"
    "memorysetup-thread-allocator-block-size=16777216"
    "memorysetup-gfx-main-allocator-block-size=16777216"
    "memorysetup-gfx-thread-allocator-block-size=16777216"
    "memorysetup-cache-allocator-block-size=4194304"
    "memorysetup-typetree-allocator-block-size=2097152"
    "memorysetup-profiler-bucket-allocator-granularity=16"
    "memorysetup-profiler-bucket-allocator-bucket-count=8"
    "memorysetup-profiler-bucket-allocator-block-size=33554432"
    "memorysetup-profiler-bucket-allocator-block-count=8"
    "memorysetup-profiler-allocator-block-size=16777216"
    "memorysetup-profiler-editor-allocator-block-size=1048576"
    "memorysetup-temp-allocator-size-main=16777216"
    "memorysetup-job-temp-allocator-block-size=2097152"
    "memorysetup-job-temp-allocator-block-size-background=1048576"
    "memorysetup-job-temp-allocator-reduction-small-platforms=262144"
    "memorysetup-temp-allocator-size-background-worker=32768"
    "memorysetup-temp-allocator-size-job-worker=262144"
    "memorysetup-temp-allocator-size-preload-manager=33554432"
    "memorysetup-temp-allocator-size-nav-mesh-worker=65536"
    "memorysetup-temp-allocator-size-audio-worker=65536"
    "memorysetup-temp-allocator-size-cloud-worker=32768"
    "memorysetup-temp-allocator-size-gi-baking-worker=262144"
    "memorysetup-temp-allocator-size-gfx=262144"
Refreshing native plugins compatible for Editor in 40.69 ms, found 2 plugins.
Preloading 0 native plugins for Editor in 0.00 ms.
Initialize engine version: 2021.2.7f1 (6bd9e232123f)
[Subsystems] Discovering subsystems at path C:/Program Files/Unity/Hub/Editor/2021.2.7f1/Editor/Data/Resources/UnitySubsystems
[Subsystems] Discovering subsystems at path C:/Users/shelt/Documents/GitHub/Unity_MainMenuPackage/MainMenu/Assets
GfxDevice: creating device client; threaded=0; jobified=0
Direct3D:
    Version:  Direct3D 11.0 [level 11.1]
    Renderer: NVIDIA GeForce RTX 2060 with Max-Q Design (ID=0x1f12)
    Vendor:   NVIDIA
    VRAM:     5980 MB
    Driver:   30.0.15.1215
Initialize mono
Mono path[0] = 'C:/Program Files/Unity/Hub/Editor/2021.2.7f1/Editor/Data/Managed'
Mono path[1] = 'C:/Program Files/Unity/Hub/Editor/2021.2.7f1/Editor/Data/MonoBleedingEdge/lib/mono/unityjit-win32'
Mono config path = 'C:/Program Files/Unity/Hub/Editor/2021.2.7f1/Editor/Data/MonoBleedingEdge/etc'
Using monoOptions --debugger-agent=transport=dt_socket,embedding=1,server=y,suspend=n,address=127.0.0.1:56528
Begin MonoManager ReloadAssembly
Registering precompiled unity dll's ...
Register platform support module: C:/Program Files/Unity/Hub/Editor/2021.2.7f1/Editor/Data/PlaybackEngines/WindowsStandaloneSupport/UnityEditor.WindowsStandalone.Extensions.dll
Registered in 0.004295 seconds.
Native extension for WindowsStandalone target not found
Refreshing native plugins compatible for Editor in 39.60 ms, found 2 plugins.
Preloading 0 native plugins for Editor in 0.00 ms.
Mono: successfully reloaded assembly
- Completed reload, in  0.594 seconds
Domain Reload Profiling:
	ReloadAssembly (595ms)
		BeginReloadAssembly (72ms)
			ExecutionOrderSort (0ms)
			DisableScriptedObjects (0ms)
			BackupInstance (0ms)
			ReleaseScriptingObjects (0ms)
			CreateAndSetChildDomain (1ms)
		EndReloadAssembly (449ms)
			LoadAssemblies (70ms)
			RebuildTransferFunctionScriptingTraits (0ms)
			SetupTypeCache (96ms)
			ReleaseScriptCaches (0ms)
			RebuildScriptCaches (31ms)
			SetupLoadedEditorAssemblies (269ms)
				LogAssemblyErrors (0ms)
				InitializePlatformSupportModulesInManaged (16ms)
				SetLoadedEditorAssemblies (0ms)
				RefreshPlugins (40ms)
				BeforeProcessingInitializeOnLoad (1ms)
				ProcessInitializeOnLoadAttributes (167ms)
				ProcessInitializeOnLoadMethodAttributes (44ms)
				AfterProcessingInitializeOnLoad (0ms)
				EditorAssembliesLoaded (0ms)
			ExecutionOrderSort2 (0ms)
			AwakeInstancesAfterBackupRestoration (0ms)
Platform modules already initialized, skipping
Registering precompiled user dll's ...
Registered in 0.003389 seconds.
Begin MonoManager ReloadAssembly
Native extension for WindowsStandalone target not found
Refreshing native plugins compatible for Editor in 44.63 ms, found 2 plugins.
Preloading 0 native plugins for Editor in 0.00 ms.
Mono: successfully reloaded assembly
- Completed reload, in  1.049 seconds
Domain Reload Profiling:
	ReloadAssembly (1050ms)
		BeginReloadAssembly (103ms)
			ExecutionOrderSort (0ms)
			DisableScriptedObjects (5ms)
			BackupInstance (0ms)
			ReleaseScriptingObjects (0ms)
			CreateAndSetChildDomain (20ms)
		EndReloadAssembly (857ms)
			LoadAssemblies (66ms)
			RebuildTransferFunctionScriptingTraits (0ms)
			SetupTypeCache (203ms)
			ReleaseScriptCaches (1ms)
			RebuildScriptCaches (54ms)
			SetupLoadedEditorAssemblies (476ms)
				LogAssemblyErrors (0ms)
				InitializePlatformSupportModulesInManaged (17ms)
				SetLoadedEditorAssemblies (0ms)
				RefreshPlugins (45ms)
				BeforeProcessingInitializeOnLoad (61ms)
				ProcessInitializeOnLoadAttributes (275ms)
				ProcessInitializeOnLoadMethodAttributes (73ms)
				AfterProcessingInitializeOnLoad (6ms)
				EditorAssembliesLoaded (0ms)
			ExecutionOrderSort2 (0ms)
			AwakeInstancesAfterBackupRestoration (8ms)
Platform modules already initialized, skipping
========================================================================
Worker process is ready to serve import requests
Launched and connected shader compiler UnityShaderCompiler.exe after 0.07 seconds
Refreshing native plugins compatible for Editor in 0.41 ms, found 2 plugins.
Preloading 0 native plugins for Editor in 0.00 ms.
Unloading 2785 Unused Serialized files (Serialized files now loaded: 0)
Unloading 23 unused Assets / (56.2 KB). Loaded Objects now: 3251.
Memory consumption went from 110.7 MB to 110.6 MB.
Total: 4.024500 ms (FindLiveObjects: 0.346000 ms CreateObjectMapping: 0.144200 ms MarkObjects: 3.447300 ms  DeleteObjects: 0.084700 ms)

AssetImportParameters requested are different than current active one (requested -> active):
  custom:video-decoder-ogg-theora: a1e56fd34408186e4bbccfd4996cb3dc -> 
  custom:container-muxer-webm: aa71ff27fc2769a1b78a27578f13a17b -> 
  custom:container-demuxer-webm: 4f35f7cbe854078d1ac9338744f61a02 -> 
  custom:video-encoder-webm-vp8: eb34c28f22e8b96e1ab97ce403110664 -> 
  custom:video-codec-MediaFoundation-h265: 746d11721c4dcdbdad8f713fa42b33f4 -> 
  custom:audio-encoder-webm-vorbis: bf7c407c2cedff20999df2af8eb42d56 -> 
  custom:framework-win-MediaFoundation: 216162199b28c13a410421893ffa2e32 -> 
  custom:container-demuxer-ogg: 62fdf1f143b41e24485cea50d1cbac27 -> 
  custom:video-decoder-webm-vp8: 9c59270c3fd7afecdb556c50c9e8de78 -> 
  custom:audio-decoder-ogg-vorbis: bf7c407c2cedff20999df2af8eb42d56 -> 
========================================================================
Received Prepare
Registering precompiled user dll's ...
Registered in 0.003606 seconds.
Begin MonoManager ReloadAssembly
Native extension for WindowsStandalone target not found
Refreshing native plugins compatible for Editor in 0.68 ms, found 2 plugins.
Preloading 0 native plugins for Editor in 0.00 ms.
Mono: successfully reloaded assembly
- Completed reload, in  1.442 seconds
Domain Reload Profiling:
	ReloadAssembly (1443ms)
		BeginReloadAssembly (139ms)
			ExecutionOrderSort (0ms)
			DisableScriptedObjects (6ms)
			BackupInstance (0ms)
			ReleaseScriptingObjects (0ms)
			CreateAndSetChildDomain (38ms)
		EndReloadAssembly (1174ms)
			LoadAssemblies (80ms)
			RebuildTransferFunctionScriptingTraits (0ms)
			SetupTypeCache (266ms)
			ReleaseScriptCaches (2ms)
			RebuildScriptCaches (96ms)
			SetupLoadedEditorAssemblies (572ms)
				LogAssemblyErrors (0ms)
				InitializePlatformSupportModulesInManaged (18ms)
				SetLoadedEditorAssemblies (1ms)
				RefreshPlugins (1ms)
				BeforeProcessingInitializeOnLoad (94ms)
				ProcessInitializeOnLoadAttributes (401ms)
				ProcessInitializeOnLoadMethodAttributes (48ms)
				AfterProcessingInitializeOnLoad (9ms)
				EditorAssembliesLoaded (0ms)
			ExecutionOrderSort2 (0ms)
			AwakeInstancesAfterBackupRestoration (55ms)
Platform modules already initialized, skipping
Refreshing native plugins compatible for Editor in 0.71 ms, found 2 plugins.
Preloading 0 native plugins for Editor in 0.00 ms.
Unloading 2735 Unused Serialized files (Serialized files now loaded: 0)
Unloading 17 unused Assets / (24.6 KB). Loaded Objects now: 3253.
Memory consumption went from 108.5 MB to 108.4 MB.
Total: 3.311700 ms (FindLiveObjects: 0.282900 ms CreateObjectMapping: 0.096800 ms MarkObjects: 2.910300 ms  DeleteObjects: 0.020000 ms)

AssetImportParameters requested are different than current active one (requested -> active):
  custom:video-decoder-ogg-theora: a1e56fd34408186e4bbccfd4996cb3dc -> 
  custom:container-muxer-webm: aa71ff27fc2769a1b78a27578f13a17b -> 
  custom:container-demuxer-webm: 4f35f7cbe854078d1ac9338744f61a02 -> 
  custom:video-encoder-webm-vp8: eb34c28f22e8b96e1ab97ce403110664 -> 
  custom:video-codec-MediaFoundation-h265: 746d11721c4dcdbdad8f713fa42b33f4 -> 
  custom:audio-encoder-webm-vorbis: bf7c407c2cedff20999df2af8eb42d56 -> 
  custom:framework-win-MediaFoundation: 216162199b28c13a410421893ffa2e32 -> 
  custom:container-demuxer-ogg: 62fdf1f143b41e24485cea50d1cbac27 -> 
  custom:video-decoder-webm-vp8: 9c59270c3fd7afecdb556c50c9e8de78 -> 
  custom:audio-decoder-ogg-vorbis: bf7c407c2cedff20999df2af8eb42d56 -> 
========================================================================
Received Import Request.
  Time since last request: 168965.571468 seconds.
  path: Assets/Scripts/Managers
  artifactKey: Guid(671a4d873b9eca0459b6d7fba63af5b2) Importer(815301076,1909f56bfc062723c751e8b465ee728b)
Start importing Assets/Scripts/Managers using Guid(671a4d873b9eca0459b6d7fba63af5b2) Importer(815301076,1909f56bfc062723c751e8b465ee728b)  -> (artifact id: 'ab7d98673e71c8f742db123fb4d5d097') in 0.011922 seconds 
========================================================================
Received Import Request.
  Time since last request: 3.105103 seconds.
  path: Assets/Scripts/UI/Menus
  artifactKey: Guid(5b7c05e06f3c0a44da61703ab008e1f1) Importer(815301076,1909f56bfc062723c751e8b465ee728b)
Start importing Assets/Scripts/UI/Menus using Guid(5b7c05e06f3c0a44da61703ab008e1f1) Importer(815301076,1909f56bfc062723c751e8b465ee728b)  -> (artifact id: '87950c1057b42ac12f04eba4254f50f8') in 0.008408 seconds 
========================================================================
Received Import Request.
  Time since last request: 1.077573 seconds.
  path: Assets/Scripts/UI/Menus/MainMenuManager.cs
  artifactKey: Guid(2f2717349d0ed834ea5dcf2153b3559c) Importer(815301076,1909f56bfc062723c751e8b465ee728b)
Start importing Assets/Scripts/UI/Menus/MainMenuManager.cs using Guid(2f2717349d0ed834ea5dcf2153b3559c) Importer(815301076,1909f56bfc062723c751e8b465ee728b)  -> (artifact id: '176f0149316a09ae6fc8fea390536749') in 0.048389 seconds 
========================================================================
Received Import Request.
  Time since last request: 0.590447 seconds.
  path: Assets/Scripts/UI/Menus/OptionsTab.cs
  artifactKey: Guid(872dcb1e8d230bd48a09af3fe99283c9) Importer(815301076,1909f56bfc062723c751e8b465ee728b)
Start importing Assets/Scripts/UI/Menus/OptionsTab.cs using Guid(872dcb1e8d230bd48a09af3fe99283c9) Importer(815301076,1909f56bfc062723c751e8b465ee728b)  -> (artifact id: 'b5e791b9228f95e5dc5b6c94e53db5e6') in 0.006933 seconds 
========================================================================
Received Import Request.
  Time since last request: 0.825880 seconds.
  path: Assets/Scripts/UI/Menus/PauseMenuManger.cs
  artifactKey: Guid(f05c1becebe3e964ab6722d11322efe5) Importer(815301076,1909f56bfc062723c751e8b465ee728b)
Start importing Assets/Scripts/UI/Menus/PauseMenuManger.cs using Guid(f05c1becebe3e964ab6722d11322efe5) Importer(815301076,1909f56bfc062723c751e8b465ee728b)  -> (artifact id: 'b7b3fa14ec8751dff1ba7087b2b55c9e') in 0.007120 seconds 
========================================================================
Received Import Request.
  Time since last request: 166.233213 seconds.
  path: Assets/Samples/Input System/1.2.0/Rebinding UI
  artifactKey: Guid(4bc8efb1cae46294c8b2158a407fcdce) Importer(815301076,1909f56bfc062723c751e8b465ee728b)
Start importing Assets/Samples/Input System/1.2.0/Rebinding UI using Guid(4bc8efb1cae46294c8b2158a407fcdce) Importer(815301076,1909f56bfc062723c751e8b465ee728b)  -> (artifact id: '35842fa0174cd4c1b10682e4f4c30c32') in 0.008757 seconds 
========================================================================
Received Prepare
Registering precompiled user dll's ...
Registered in 0.004167 seconds.
Begin MonoManager ReloadAssembly
Native extension for WindowsStandalone target not found
Refreshing native plugins compatible for Editor in 0.54 ms, found 2 plugins.
Preloading 0 native plugins for Editor in 0.00 ms.
Mono: successfully reloaded assembly
- Completed reload, in  1.137 seconds
Domain Reload Profiling:
	ReloadAssembly (1137ms)
		BeginReloadAssembly (155ms)
			ExecutionOrderSort (0ms)
			DisableScriptedObjects (5ms)
			BackupInstance (0ms)
			ReleaseScriptingObjects (0ms)
			CreateAndSetChildDomain (40ms)
		EndReloadAssembly (876ms)
			LoadAssemblies (90ms)
			RebuildTransferFunctionScriptingTraits (0ms)
			SetupTypeCache (236ms)
			ReleaseScriptCaches (2ms)
			RebuildScriptCaches (67ms)
			SetupLoadedEditorAssemblies (395ms)
				LogAssemblyErrors (0ms)
				InitializePlatformSupportModulesInManaged (13ms)
				SetLoadedEditorAssemblies (0ms)
				RefreshPlugins (1ms)
				BeforeProcessingInitializeOnLoad (67ms)
				ProcessInitializeOnLoadAttributes (274ms)
				ProcessInitializeOnLoadMethodAttributes (33ms)
				AfterProcessingInitializeOnLoad (6ms)
				EditorAssembliesLoaded (0ms)
			ExecutionOrderSort2 (0ms)
			AwakeInstancesAfterBackupRestoration (41ms)
Platform modules already initialized, skipping
Refreshing native plugins compatible for Editor in 0.69 ms, found 2 plugins.
Preloading 0 native plugins for Editor in 0.00 ms.
Unloading 2739 Unused Serialized files (Serialized files now loaded: 0)
Unloading 17 unused Assets / (24.6 KB). Loaded Objects now: 3259.
Memory consumption went from 108.6 MB to 108.6 MB.
Total: 4.287400 ms (FindLiveObjects: 0.392800 ms CreateObjectMapping: 0.135300 ms MarkObjects: 3.732100 ms  DeleteObjects: 0.024500 ms)

AssetImportParameters requested are different than current active one (requested -> active):
  custom:video-decoder-ogg-theora: a1e56fd34408186e4bbccfd4996cb3dc -> 
  custom:container-muxer-webm: aa71ff27fc2769a1b78a27578f13a17b -> 
  custom:container-demuxer-webm: 4f35f7cbe854078d1ac9338744f61a02 -> 
  custom:video-encoder-webm-vp8: eb34c28f22e8b96e1ab97ce403110664 -> 
  custom:video-codec-MediaFoundation-h265: 746d11721c4dcdbdad8f713fa42b33f4 -> 
  custom:audio-encoder-webm-vorbis: bf7c407c2cedff20999df2af8eb42d56 -> 
  custom:framework-win-MediaFoundation: 216162199b28c13a410421893ffa2e32 -> 
  custom:container-demuxer-ogg: 62fdf1f143b41e24485cea50d1cbac27 -> 
  custom:video-decoder-webm-vp8: 9c59270c3fd7afecdb556c50c9e8de78 -> 
  custom:audio-decoder-ogg-vorbis: bf7c407c2cedff20999df2af8eb42d56 -> 
========================================================================
Received Import Request.
  Time since last request: 312.185802 seconds.
  path: Assets/Samples/Input System/1.2.0/Rebinding UI/RebindUIPrefab.prefab
  artifactKey: Guid(f25dcd618d3acd64795bf8bb32edb6c9) Importer(815301076,1909f56bfc062723c751e8b465ee728b)
Start importing Assets/Samples/Input System/1.2.0/Rebinding UI/RebindUIPrefab.prefab using Guid(f25dcd618d3acd64795bf8bb32edb6c9) Importer(815301076,1909f56bfc062723c751e8b465ee728b)  -> (artifact id: '627216c4684fd8bdde9d3b1c9385a1c1') in 0.052438 seconds 
========================================================================
Received Import Request.
  Time since last request: 1770.718758 seconds.
  path: Assets/Samples/Input System/1.2.0/Rebinding UI/RebindingUISampleScene.unity
  artifactKey: Guid(f6995f4eab80237489ce6962c13d8372) Importer(815301076,1909f56bfc062723c751e8b465ee728b)
Start importing Assets/Samples/Input System/1.2.0/Rebinding UI/RebindingUISampleScene.unity using Guid(f6995f4eab80237489ce6962c13d8372) Importer(815301076,1909f56bfc062723c751e8b465ee728b)  -> (artifact id: 'a1e14860f56ea10204f202d50e9646dd') in 0.009158 seconds 
========================================================================
Received Prepare
Registering precompiled user dll's ...
Registered in 0.003098 seconds.
Begin MonoManager ReloadAssembly
Native extension for WindowsStandalone target not found
Refreshing native plugins compatible for Editor in 0.51 ms, found 2 plugins.
Preloading 0 native plugins for Editor in 0.00 ms.
Mono: successfully reloaded assembly
- Completed reload, in  1.080 seconds
Domain Reload Profiling:
	ReloadAssembly (1081ms)
		BeginReloadAssembly (139ms)
			ExecutionOrderSort (0ms)
			DisableScriptedObjects (5ms)
			BackupInstance (0ms)
			ReleaseScriptingObjects (0ms)
			CreateAndSetChildDomain (43ms)
		EndReloadAssembly (846ms)
			LoadAssemblies (70ms)
			RebuildTransferFunctionScriptingTraits (0ms)
			SetupTypeCache (201ms)
			ReleaseScriptCaches (1ms)
			RebuildScriptCaches (58ms)
			SetupLoadedEditorAssemblies (414ms)
				LogAssemblyErrors (0ms)
				InitializePlatformSupportModulesInManaged (15ms)
				SetLoadedEditorAssemblies (0ms)
				RefreshPlugins (1ms)
				BeforeProcessingInitializeOnLoad (70ms)
				ProcessInitializeOnLoadAttributes (288ms)
				ProcessInitializeOnLoadMethodAttributes (33ms)
				AfterProcessingInitializeOnLoad (7ms)
				EditorAssembliesLoaded (0ms)
			ExecutionOrderSort2 (0ms)
			AwakeInstancesAfterBackupRestoration (41ms)
Platform modules already initialized, skipping
Refreshing native plugins compatible for Editor in 0.49 ms, found 2 plugins.
Preloading 0 native plugins for Editor in 0.00 ms.
Unloading 2739 Unused Serialized files (Serialized files now loaded: 0)
Unloading 18 unused Assets / (25.4 KB). Loaded Objects now: 3263.
Memory consumption went from 108.7 MB to 108.7 MB.
Total: 3.182100 ms (FindLiveObjects: 0.266000 ms CreateObjectMapping: 0.075600 ms MarkObjects: 2.812600 ms  DeleteObjects: 0.026400 ms)

AssetImportParameters requested are different than current active one (requested -> active):
  custom:video-decoder-ogg-theora: a1e56fd34408186e4bbccfd4996cb3dc -> 
  custom:container-muxer-webm: aa71ff27fc2769a1b78a27578f13a17b -> 
  custom:container-demuxer-webm: 4f35f7cbe854078d1ac9338744f61a02 -> 
  custom:video-encoder-webm-vp8: eb34c28f22e8b96e1ab97ce403110664 -> 
  custom:video-codec-MediaFoundation-h265: 746d11721c4dcdbdad8f713fa42b33f4 -> 
  custom:audio-encoder-webm-vorbis: bf7c407c2cedff20999df2af8eb42d56 -> 
  custom:framework-win-MediaFoundation: 216162199b28c13a410421893ffa2e32 -> 
  custom:container-demuxer-ogg: 62fdf1f143b41e24485cea50d1cbac27 -> 
  custom:video-decoder-webm-vp8: 9c59270c3fd7afecdb556c50c9e8de78 -> 
  custom:audio-decoder-ogg-vorbis: bf7c407c2cedff20999df2af8eb42d56 -> 
========================================================================
Received Import Request.
  Time since last request: 806.967119 seconds.
  path: Assets/Samples/Input System/1.2.0/Rebinding UI/GamepadIconsExample.cs
  artifactKey: Guid(84cd9b84e0604a9abafb77712f1df90a) Importer(815301076,1909f56bfc062723c751e8b465ee728b)
Start importing Assets/Samples/Input System/1.2.0/Rebinding UI/GamepadIconsExample.cs using Guid(84cd9b84e0604a9abafb77712f1df90a) Importer(815301076,1909f56bfc062723c751e8b465ee728b)  -> (artifact id: '11d35727b9a5fbbed314598e39aa02ad') in 0.012070 seconds 
========================================================================
Received Prepare
Registering precompiled user dll's ...
Registered in 0.003342 seconds.
Begin MonoManager ReloadAssembly
Native extension for WindowsStandalone target not found
Refreshing native plugins compatible for Editor in 1.03 ms, found 2 plugins.
Preloading 0 native plugins for Editor in 0.00 ms.
Mono: successfully reloaded assembly
- Completed reload, in  1.057 seconds
Domain Reload Profiling:
	ReloadAssembly (1058ms)
		BeginReloadAssembly (122ms)
			ExecutionOrderSort (0ms)
			DisableScriptedObjects (5ms)
			BackupInstance (0ms)
			ReleaseScriptingObjects (0ms)
			CreateAndSetChildDomain (37ms)
		EndReloadAssembly (844ms)
			LoadAssemblies (67ms)
			RebuildTransferFunctionScriptingTraits (0ms)
			SetupTypeCache (200ms)
			ReleaseScriptCaches (2ms)
			RebuildScriptCaches (63ms)
			SetupLoadedEditorAssemblies (414ms)
				LogAssemblyErrors (0ms)
				InitializePlatformSupportModulesInManaged (19ms)
				SetLoadedEditorAssemblies (1ms)
				RefreshPlugins (1ms)
				BeforeProcessingInitializeOnLoad (68ms)
				ProcessInitializeOnLoadAttributes (287ms)
				ProcessInitializeOnLoadMethodAttributes (32ms)
				AfterProcessingInitializeOnLoad (7ms)
				EditorAssembliesLoaded (0ms)
			ExecutionOrderSort2 (0ms)
			AwakeInstancesAfterBackupRestoration (42ms)
Platform modules already initialized, skipping
Refreshing native plugins compatible for Editor in 0.61 ms, found 2 plugins.
Preloading 0 native plugins for Editor in 0.00 ms.
Unloading 2739 Unused Serialized files (Serialized files now loaded: 0)
Unloading 17 unused Assets / (24.7 KB). Loaded Objects now: 3265.
Memory consumption went from 108.7 MB to 108.7 MB.
Total: 3.680400 ms (FindLiveObjects: 0.316300 ms CreateObjectMapping: 0.134500 ms MarkObjects: 3.201100 ms  DeleteObjects: 0.026300 ms)

AssetImportParameters requested are different than current active one (requested -> active):
  custom:video-decoder-ogg-theora: a1e56fd34408186e4bbccfd4996cb3dc -> 
  custom:container-muxer-webm: aa71ff27fc2769a1b78a27578f13a17b -> 
  custom:container-demuxer-webm: 4f35f7cbe854078d1ac9338744f61a02 -> 
  custom:video-encoder-webm-vp8: eb34c28f22e8b96e1ab97ce403110664 -> 
  custom:video-codec-MediaFoundation-h265: 746d11721c4dcdbdad8f713fa42b33f4 -> 
  custom:audio-encoder-webm-vorbis: bf7c407c2cedff20999df2af8eb42d56 -> 
  custom:framework-win-MediaFoundation: 216162199b28c13a410421893ffa2e32 -> 
  custom:container-demuxer-ogg: 62fdf1f143b41e24485cea50d1cbac27 -> 
  custom:video-decoder-webm-vp8: 9c59270c3fd7afecdb556c50c9e8de78 -> 
  custom:audio-decoder-ogg-vorbis: bf7c407c2cedff20999df2af8eb42d56 -> 
========================================================================
Received Import Request.
  Time since last request: 38.046652 seconds.
  path: Assets/Scenes/MainMenu.unity
  artifactKey: Guid(9fc0d4010bbf28b4594072e72b8655ab) Importer(815301076,1909f56bfc062723c751e8b465ee728b)
Start importing Assets/Scenes/MainMenu.unity using Guid(9fc0d4010bbf28b4594072e72b8655ab) Importer(815301076,1909f56bfc062723c751e8b465ee728b)  -> (artifact id: '84f67b636e9cddcee852338bc5d3af58') in 0.021485 seconds 
========================================================================
Received Import Request.
  Time since last request: 28.932894 seconds.
  path: Assets/Pause Scene/Bounce.physicMaterial
  artifactKey: Guid(0faebf7904819454b9ae06739208afc9) Importer(815301076,1909f56bfc062723c751e8b465ee728b)
Start importing Assets/Pause Scene/Bounce.physicMaterial using Guid(0faebf7904819454b9ae06739208afc9) Importer(815301076,1909f56bfc062723c751e8b465ee728b)  -> (artifact id: '2fd341289b082f7235f62953fd08e2a8') in 0.015284 seconds 
========================================================================
Received Import Request.
  Time since last request: 6.471809 seconds.
  path: Assets/Prefabs/MainMenu.prefab
  artifactKey: Guid(e46fb5bbcaeb5d24792d2ce76fa3919e) Importer(815301076,1909f56bfc062723c751e8b465ee728b)
Start importing Assets/Prefabs/MainMenu.prefab using Guid(e46fb5bbcaeb5d24792d2ce76fa3919e) Importer(815301076,1909f56bfc062723c751e8b465ee728b)  -> (artifact id: 'bd5d1e5bf387a54dac8fb1ccc5adc81c') in 0.092299 seconds 
========================================================================
Received Import Request.
  Time since last request: 0.000025 seconds.
  path: Assets/Prefabs/PauseMenu.prefab
  artifactKey: Guid(58afbe0d791189a4fb2f052e1dec60ce) Importer(815301076,1909f56bfc062723c751e8b465ee728b)
Start importing Assets/Prefabs/PauseMenu.prefab using Guid(58afbe0d791189a4fb2f052e1dec60ce) Importer(815301076,1909f56bfc062723c751e8b465ee728b)  -> (artifact id: '30018b356ffe5382357ad7f7189943a8') in 0.038695 seconds 
========================================================================
Received Import Request.
  Time since last request: 22.653567 seconds.
  path: Assets/Prefabs/MainMenu.prefab
  artifactKey: Guid(e46fb5bbcaeb5d24792d2ce76fa3919e) Importer(815301076,1909f56bfc062723c751e8b465ee728b)
Start importing Assets/Prefabs/MainMenu.prefab using Guid(e46fb5bbcaeb5d24792d2ce76fa3919e) Importer(815301076,1909f56bfc062723c751e8b465ee728b)  -> (artifact id: '7d13b1e14efb4f3b272ae8cc02d19e7a') in 0.030313 seconds 
========================================================================
Received Import Request.
  Time since last request: 0.000040 seconds.
  path: Assets/Prefabs/PauseMenu.prefab
  artifactKey: Guid(58afbe0d791189a4fb2f052e1dec60ce) Importer(815301076,1909f56bfc062723c751e8b465ee728b)
Start importing Assets/Prefabs/PauseMenu.prefab using Guid(58afbe0d791189a4fb2f052e1dec60ce) Importer(815301076,1909f56bfc062723c751e8b465ee728b)  -> (artifact id: 'c08d0fb120bb18205a171a282348b3fa') in 0.033337 seconds 
========================================================================
Received Import Request.
  Time since last request: 4.985748 seconds.
  path: Assets/Prefabs/MainMenu.prefab
  artifactKey: Guid(e46fb5bbcaeb5d24792d2ce76fa3919e) Importer(815301076,1909f56bfc062723c751e8b465ee728b)
Start importing Assets/Prefabs/MainMenu.prefab using Guid(e46fb5bbcaeb5d24792d2ce76fa3919e) Importer(815301076,1909f56bfc062723c751e8b465ee728b)  -> (artifact id: 'f5357711b828aeba4919a3c16608174c') in 0.034924 seconds 
========================================================================
Received Import Request.
  Time since last request: 0.185690 seconds.
  path: Assets/Prefabs/MainMenu.prefab
  artifactKey: Guid(e46fb5bbcaeb5d24792d2ce76fa3919e) Importer(815301076,1909f56bfc062723c751e8b465ee728b)
Start importing Assets/Prefabs/MainMenu.prefab using Guid(e46fb5bbcaeb5d24792d2ce76fa3919e) Importer(815301076,1909f56bfc062723c751e8b465ee728b)  -> (artifact id: '31937be0a53406babd4f812ce5e86ed9') in 0.033358 seconds 
========================================================================
Received Import Request.
  Time since last request: 26.825559 seconds.
  path: Assets/Prefabs/MainMenu.prefab
  artifactKey: Guid(e46fb5bbcaeb5d24792d2ce76fa3919e) Importer(815301076,1909f56bfc062723c751e8b465ee728b)
Start importing Assets/Prefabs/MainMenu.prefab using Guid(e46fb5bbcaeb5d24792d2ce76fa3919e) Importer(815301076,1909f56bfc062723c751e8b465ee728b)  -> (artifact id: 'f3f7bb05e5b467ac87b12bfe45de63a8') in 0.040597 seconds 
========================================================================
Received Import Request.
  Time since last request: 11.735679 seconds.
  path: Assets/Prefabs/MainMenu.prefab
  artifactKey: Guid(e46fb5bbcaeb5d24792d2ce76fa3919e) Importer(815301076,1909f56bfc062723c751e8b465ee728b)
Start importing Assets/Prefabs/MainMenu.prefab using Guid(e46fb5bbcaeb5d24792d2ce76fa3919e) Importer(815301076,1909f56bfc062723c751e8b465ee728b)  -> (artifact id: 'b3ce907a8ac8d3be0bdcf0ea014430eb') in 0.035015 seconds 
========================================================================
Received Import Request.
  Time since last request: 6.692385 seconds.
  path: Assets/Prefabs/MainMenu.prefab
  artifactKey: Guid(e46fb5bbcaeb5d24792d2ce76fa3919e) Importer(815301076,1909f56bfc062723c751e8b465ee728b)
Start importing Assets/Prefabs/MainMenu.prefab using Guid(e46fb5bbcaeb5d24792d2ce76fa3919e) Importer(815301076,1909f56bfc062723c751e8b465ee728b)  -> (artifact id: 'fbaf9f7686fb02edb1de73a69f8ea5b6') in 0.033594 seconds 
========================================================================
Received Import Request.
  Time since last request: 0.000027 seconds.
  path: Assets/Prefabs/PauseMenu.prefab
  artifactKey: Guid(58afbe0d791189a4fb2f052e1dec60ce) Importer(815301076,1909f56bfc062723c751e8b465ee728b)
Start importing Assets/Prefabs/PauseMenu.prefab using Guid(58afbe0d791189a4fb2f052e1dec60ce) Importer(815301076,1909f56bfc062723c751e8b465ee728b)  -> (artifact id: 'acf10bfad3173731dddadb3e8f860455') in 0.033326 seconds 
========================================================================
Received Import Request.
  Time since last request: 8.432868 seconds.
  path: Assets/Prefabs/MainMenu.prefab
  artifactKey: Guid(e46fb5bbcaeb5d24792d2ce76fa3919e) Importer(815301076,1909f56bfc062723c751e8b465ee728b)
Start importing Assets/Prefabs/MainMenu.prefab using Guid(e46fb5bbcaeb5d24792d2ce76fa3919e) Importer(815301076,1909f56bfc062723c751e8b465ee728b)  -> (artifact id: '378da4d9c3000b2b1109a690d1d1a7a5') in 0.031497 seconds 
========================================================================
Received Import Request.
  Time since last request: 0.000023 seconds.
  path: Assets/Prefabs/PauseMenu.prefab
  artifactKey: Guid(58afbe0d791189a4fb2f052e1dec60ce) Importer(815301076,1909f56bfc062723c751e8b465ee728b)
Start importing Assets/Prefabs/PauseMenu.prefab using Guid(58afbe0d791189a4fb2f052e1dec60ce) Importer(815301076,1909f56bfc062723c751e8b465ee728b)  -> (artifact id: '483351c8bfb5c47ea98d4d3ea83925a6') in 0.032056 seconds 
========================================================================
Received Import Request.
  Time since last request: 5.791955 seconds.
  path: Assets/Prefabs/MainMenu.prefab
  artifactKey: Guid(e46fb5bbcaeb5d24792d2ce76fa3919e) Importer(815301076,1909f56bfc062723c751e8b465ee728b)
Start importing Assets/Prefabs/MainMenu.prefab using Guid(e46fb5bbcaeb5d24792d2ce76fa3919e) Importer(815301076,1909f56bfc062723c751e8b465ee728b)  -> (artifact id: '0c914b9f74273e1afea5473028ce6e89') in 0.032265 seconds 
========================================================================
Received Import Request.
  Time since last request: 40.667032 seconds.
  path: Assets/Prefabs/MainMenu.prefab
  artifactKey: Guid(e46fb5bbcaeb5d24792d2ce76fa3919e) Importer(815301076,1909f56bfc062723c751e8b465ee728b)
Start importing Assets/Prefabs/MainMenu.prefab using Guid(e46fb5bbcaeb5d24792d2ce76fa3919e) Importer(815301076,1909f56bfc062723c751e8b465ee728b)  -> (artifact id: '730fe83da62ecddd7e661eead2ce129f') in 0.031331 seconds 
========================================================================
Received Import Request.
  Time since last request: 0.000037 seconds.
  path: Assets/Prefabs/PauseMenu.prefab
  artifactKey: Guid(58afbe0d791189a4fb2f052e1dec60ce) Importer(815301076,1909f56bfc062723c751e8b465ee728b)
Start importing Assets/Prefabs/PauseMenu.prefab using Guid(58afbe0d791189a4fb2f052e1dec60ce) Importer(815301076,1909f56bfc062723c751e8b465ee728b)  -> (artifact id: '3facf698790173f7b3dbc138adc1aecb') in 0.033156 seconds 
========================================================================
Received Import Request.
  Time since last request: 9.266582 seconds.
  path: Assets/Prefabs/MainMenu.prefab
  artifactKey: Guid(e46fb5bbcaeb5d24792d2ce76fa3919e) Importer(815301076,1909f56bfc062723c751e8b465ee728b)
Start importing Assets/Prefabs/MainMenu.prefab using Guid(e46fb5bbcaeb5d24792d2ce76fa3919e) Importer(815301076,1909f56bfc062723c751e8b465ee728b)  -> (artifact id: '501c5aa7fd5f04b7c9dc9ebb9907fa28') in 0.033762 seconds 
========================================================================
Received Import Request.
  Time since last request: 9.372462 seconds.
  path: Assets/Prefabs/MainMenu.prefab
  artifactKey: Guid(e46fb5bbcaeb5d24792d2ce76fa3919e) Importer(815301076,1909f56bfc062723c751e8b465ee728b)
Start importing Assets/Prefabs/MainMenu.prefab using Guid(e46fb5bbcaeb5d24792d2ce76fa3919e) Importer(815301076,1909f56bfc062723c751e8b465ee728b)  -> (artifact id: '437f60c3e9d995f3157fa307c7df706c') in 0.033058 seconds 
========================================================================
Received Import Request.
  Time since last request: 2.234076 seconds.
  path: Assets/Prefabs/MainMenu.prefab
  artifactKey: Guid(e46fb5bbcaeb5d24792d2ce76fa3919e) Importer(815301076,1909f56bfc062723c751e8b465ee728b)
Start importing Assets/Prefabs/MainMenu.prefab using Guid(e46fb5bbcaeb5d24792d2ce76fa3919e) Importer(815301076,1909f56bfc062723c751e8b465ee728b)  -> (artifact id: '384d0613126edc2b8f55517a2b339462') in 0.037909 seconds 
========================================================================
Received Import Request.
  Time since last request: 6.533182 seconds.
  path: Assets/Prefabs/MainMenu.prefab
  artifactKey: Guid(e46fb5bbcaeb5d24792d2ce76fa3919e) Importer(815301076,1909f56bfc062723c751e8b465ee728b)
Start importing Assets/Prefabs/MainMenu.prefab using Guid(e46fb5bbcaeb5d24792d2ce76fa3919e) Importer(815301076,1909f56bfc062723c751e8b465ee728b)  -> (artifact id: 'a3597f023b933e9732f48aecd5ddad47') in 0.030609 seconds 
========================================================================
Received Prepare
Registering precompiled user dll's ...
Registered in 0.003119 seconds.
Begin MonoManager ReloadAssembly
Native extension for WindowsStandalone target not found
Refreshing native plugins compatible for Editor in 0.53 ms, found 2 plugins.
Preloading 0 native plugins for Editor in 0.00 ms.
Mono: successfully reloaded assembly
- Completed reload, in  1.106 seconds
Domain Reload Profiling:
	ReloadAssembly (1106ms)
		BeginReloadAssembly (132ms)
			ExecutionOrderSort (0ms)
			DisableScriptedObjects (5ms)
			BackupInstance (0ms)
			ReleaseScriptingObjects (0ms)
			CreateAndSetChildDomain (37ms)
		EndReloadAssembly (886ms)
			LoadAssemblies (66ms)
			RebuildTransferFunctionScriptingTraits (0ms)
			SetupTypeCache (200ms)
			ReleaseScriptCaches (2ms)
			RebuildScriptCaches (72ms)
			SetupLoadedEditorAssemblies (436ms)
				LogAssemblyErrors (0ms)
				InitializePlatformSupportModulesInManaged (16ms)
				SetLoadedEditorAssemblies (0ms)
				RefreshPlugins (1ms)
				BeforeProcessingInitializeOnLoad (69ms)
				ProcessInitializeOnLoadAttributes (308ms)
				ProcessInitializeOnLoadMethodAttributes (35ms)
				AfterProcessingInitializeOnLoad (6ms)
				EditorAssembliesLoaded (0ms)
			ExecutionOrderSort2 (0ms)
			AwakeInstancesAfterBackupRestoration (42ms)
Platform modules already initialized, skipping
Refreshing native plugins compatible for Editor in 0.56 ms, found 2 plugins.
Preloading 0 native plugins for Editor in 0.00 ms.
Unloading 2739 Unused Serialized files (Serialized files now loaded: 0)
Unloading 21 unused Assets / (27.8 KB). Loaded Objects now: 3267.
Memory consumption went from 108.8 MB to 108.8 MB.
Total: 3.714400 ms (FindLiveObjects: 0.316400 ms CreateObjectMapping: 0.259200 ms MarkObjects: 3.099900 ms  DeleteObjects: 0.037100 ms)

AssetImportParameters requested are different than current active one (requested -> active):
  custom:video-decoder-ogg-theora: a1e56fd34408186e4bbccfd4996cb3dc -> 
  custom:container-muxer-webm: aa71ff27fc2769a1b78a27578f13a17b -> 
  custom:container-demuxer-webm: 4f35f7cbe854078d1ac9338744f61a02 -> 
  custom:video-encoder-webm-vp8: eb34c28f22e8b96e1ab97ce403110664 -> 
  custom:video-codec-MediaFoundation-h265: 746d11721c4dcdbdad8f713fa42b33f4 -> 
  custom:audio-encoder-webm-vorbis: bf7c407c2cedff20999df2af8eb42d56 -> 
  custom:framework-win-MediaFoundation: 216162199b28c13a410421893ffa2e32 -> 
  custom:container-demuxer-ogg: 62fdf1f143b41e24485cea50d1cbac27 -> 
  custom:video-decoder-webm-vp8: 9c59270c3fd7afecdb556c50c9e8de78 -> 
  custom:audio-decoder-ogg-vorbis: bf7c407c2cedff20999df2af8eb42d56 -> 
========================================================================
Received Import Request.
  Time since last request: 40.584693 seconds.
  path: Assets/Prefabs/MainMenu.prefab
  artifactKey: Guid(e46fb5bbcaeb5d24792d2ce76fa3919e) Importer(815301076,1909f56bfc062723c751e8b465ee728b)
Start importing Assets/Prefabs/MainMenu.prefab using Guid(e46fb5bbcaeb5d24792d2ce76fa3919e) Importer(815301076,1909f56bfc062723c751e8b465ee728b)  -> (artifact id: '3902f1ec07e9b8512a6f0f49d878f91c') in 0.101626 seconds 
========================================================================
Received Import Request.
  Time since last request: 0.136799 seconds.
  path: Assets/Prefabs/MainMenu.prefab
  artifactKey: Guid(e46fb5bbcaeb5d24792d2ce76fa3919e) Importer(815301076,1909f56bfc062723c751e8b465ee728b)
Start importing Assets/Prefabs/MainMenu.prefab using Guid(e46fb5bbcaeb5d24792d2ce76fa3919e) Importer(815301076,1909f56bfc062723c751e8b465ee728b)  -> (artifact id: '95d4fb65b6416fc2b17f9e2a800952df') in 0.035284 seconds 
========================================================================
Received Import Request.
  Time since last request: 16.778495 seconds.
  path: Assets/Prefabs/MainMenu.prefab
  artifactKey: Guid(e46fb5bbcaeb5d24792d2ce76fa3919e) Importer(815301076,1909f56bfc062723c751e8b465ee728b)
Start importing Assets/Prefabs/MainMenu.prefab using Guid(e46fb5bbcaeb5d24792d2ce76fa3919e) Importer(815301076,1909f56bfc062723c751e8b465ee728b)  -> (artifact id: '406bf68047d644fab2a7909b86f931f0') in 0.030291 seconds 
========================================================================
Received Import Request.
  Time since last request: 5.106397 seconds.
  path: Assets/Prefabs/MainMenu.prefab
  artifactKey: Guid(e46fb5bbcaeb5d24792d2ce76fa3919e) Importer(815301076,1909f56bfc062723c751e8b465ee728b)
Start importing Assets/Prefabs/MainMenu.prefab using Guid(e46fb5bbcaeb5d24792d2ce76fa3919e) Importer(815301076,1909f56bfc062723c751e8b465ee728b)  -> (artifact id: 'ade93a7c2a46dfa1e4d6388bd6ee1e6e') in 0.031804 seconds 
========================================================================
Received Prepare
Registering precompiled user dll's ...
Registered in 0.004529 seconds.
Begin MonoManager ReloadAssembly
Native extension for WindowsStandalone target not found
Refreshing native plugins compatible for Editor in 0.52 ms, found 2 plugins.
Preloading 0 native plugins for Editor in 0.00 ms.
Mono: successfully reloaded assembly
- Completed reload, in  1.104 seconds
Domain Reload Profiling:
	ReloadAssembly (1105ms)
		BeginReloadAssembly (141ms)
			ExecutionOrderSort (0ms)
			DisableScriptedObjects (5ms)
			BackupInstance (0ms)
			ReleaseScriptingObjects (0ms)
			CreateAndSetChildDomain (35ms)
		EndReloadAssembly (859ms)
			LoadAssemblies (81ms)
			RebuildTransferFunctionScriptingTraits (0ms)
			SetupTypeCache (213ms)
			ReleaseScriptCaches (1ms)
			RebuildScriptCaches (62ms)
			SetupLoadedEditorAssemblies (417ms)
				LogAssemblyErrors (0ms)
				InitializePlatformSupportModulesInManaged (13ms)
				SetLoadedEditorAssemblies (0ms)
				RefreshPlugins (1ms)
				BeforeProcessingInitializeOnLoad (69ms)
				ProcessInitializeOnLoadAttributes (292ms)
				ProcessInitializeOnLoadMethodAttributes (34ms)
				AfterProcessingInitializeOnLoad (7ms)
				EditorAssembliesLoaded (0ms)
			ExecutionOrderSort2 (0ms)
			AwakeInstancesAfterBackupRestoration (40ms)
Platform modules already initialized, skipping
Refreshing native plugins compatible for Editor in 0.58 ms, found 2 plugins.
Preloading 0 native plugins for Editor in 0.00 ms.
Unloading 2739 Unused Serialized files (Serialized files now loaded: 0)
Unloading 21 unused Assets / (27.9 KB). Loaded Objects now: 3269.
Memory consumption went from 108.8 MB to 108.8 MB.
Total: 3.550600 ms (FindLiveObjects: 0.331600 ms CreateObjectMapping: 0.102600 ms MarkObjects: 3.075600 ms  DeleteObjects: 0.038800 ms)

AssetImportParameters requested are different than current active one (requested -> active):
  custom:video-decoder-ogg-theora: a1e56fd34408186e4bbccfd4996cb3dc -> 
  custom:container-muxer-webm: aa71ff27fc2769a1b78a27578f13a17b -> 
  custom:container-demuxer-webm: 4f35f7cbe854078d1ac9338744f61a02 -> 
  custom:video-encoder-webm-vp8: eb34c28f22e8b96e1ab97ce403110664 -> 
  custom:video-codec-MediaFoundation-h265: 746d11721c4dcdbdad8f713fa42b33f4 -> 
  custom:audio-encoder-webm-vorbis: bf7c407c2cedff20999df2af8eb42d56 -> 
  custom:framework-win-MediaFoundation: 216162199b28c13a410421893ffa2e32 -> 
  custom:container-demuxer-ogg: 62fdf1f143b41e24485cea50d1cbac27 -> 
  custom:video-decoder-webm-vp8: 9c59270c3fd7afecdb556c50c9e8de78 -> 
  custom:audio-decoder-ogg-vorbis: bf7c407c2cedff20999df2af8eb42d56 -> 
========================================================================
Received Prepare
Registering precompiled user dll's ...
Registered in 0.003331 seconds.
Begin MonoManager ReloadAssembly
Native extension for WindowsStandalone target not found
Refreshing native plugins compatible for Editor in 0.90 ms, found 2 plugins.
Preloading 0 native plugins for Editor in 0.00 ms.
Mono: successfully reloaded assembly
- Completed reload, in  1.067 seconds
Domain Reload Profiling:
	ReloadAssembly (1068ms)
		BeginReloadAssembly (119ms)
			ExecutionOrderSort (0ms)
			DisableScriptedObjects (6ms)
			BackupInstance (0ms)
			ReleaseScriptingObjects (0ms)
			CreateAndSetChildDomain (32ms)
		EndReloadAssembly (842ms)
			LoadAssemblies (67ms)
			RebuildTransferFunctionScriptingTraits (0ms)
			SetupTypeCache (188ms)
			ReleaseScriptCaches (1ms)
			RebuildScriptCaches (65ms)
			SetupLoadedEditorAssemblies (425ms)
				LogAssemblyErrors (0ms)
				InitializePlatformSupportModulesInManaged (14ms)
				SetLoadedEditorAssemblies (1ms)
				RefreshPlugins (1ms)
				BeforeProcessingInitializeOnLoad (69ms)
				ProcessInitializeOnLoadAttributes (300ms)
				ProcessInitializeOnLoadMethodAttributes (33ms)
				AfterProcessingInitializeOnLoad (6ms)
				EditorAssembliesLoaded (0ms)
			ExecutionOrderSort2 (0ms)
			AwakeInstancesAfterBackupRestoration (43ms)
Platform modules already initialized, skipping
Refreshing native plugins compatible for Editor in 1.08 ms, found 2 plugins.
Preloading 0 native plugins for Editor in 0.00 ms.
Unloading 2739 Unused Serialized files (Serialized files now loaded: 0)
Unloading 17 unused Assets / (24.7 KB). Loaded Objects now: 3271.
Memory consumption went from 108.9 MB to 108.8 MB.
Total: 4.644500 ms (FindLiveObjects: 0.356900 ms CreateObjectMapping: 0.185300 ms MarkObjects: 4.070600 ms  DeleteObjects: 0.029500 ms)

AssetImportParameters requested are different than current active one (requested -> active):
  custom:video-decoder-ogg-theora: a1e56fd34408186e4bbccfd4996cb3dc -> 
  custom:container-muxer-webm: aa71ff27fc2769a1b78a27578f13a17b -> 
  custom:container-demuxer-webm: 4f35f7cbe854078d1ac9338744f61a02 -> 
  custom:video-encoder-webm-vp8: eb34c28f22e8b96e1ab97ce403110664 -> 
  custom:video-codec-MediaFoundation-h265: 746d11721c4dcdbdad8f713fa42b33f4 -> 
  custom:audio-encoder-webm-vorbis: bf7c407c2cedff20999df2af8eb42d56 -> 
  custom:framework-win-MediaFoundation: 216162199b28c13a410421893ffa2e32 -> 
  custom:container-demuxer-ogg: 62fdf1f143b41e24485cea50d1cbac27 -> 
  custom:video-decoder-webm-vp8: 9c59270c3fd7afecdb556c50c9e8de78 -> 
  custom:audio-decoder-ogg-vorbis: bf7c407c2cedff20999df2af8eb42d56 -> 
========================================================================
Received Prepare
Registering precompiled user dll's ...
Registered in 0.003333 seconds.
Begin MonoManager ReloadAssembly
Native extension for WindowsStandalone target not found
Refreshing native plugins compatible for Editor in 0.54 ms, found 2 plugins.
Preloading 0 native plugins for Editor in 0.00 ms.
Mono: successfully reloaded assembly
- Completed reload, in  1.020 seconds
Domain Reload Profiling:
	ReloadAssembly (1021ms)
		BeginReloadAssembly (127ms)
			ExecutionOrderSort (0ms)
			DisableScriptedObjects (6ms)
			BackupInstance (0ms)
			ReleaseScriptingObjects (0ms)
			CreateAndSetChildDomain (34ms)
		EndReloadAssembly (800ms)
			LoadAssemblies (74ms)
			RebuildTransferFunctionScriptingTraits (0ms)
			SetupTypeCache (183ms)
			ReleaseScriptCaches (2ms)
			RebuildScriptCaches (64ms)
			SetupLoadedEditorAssemblies (394ms)
				LogAssemblyErrors (0ms)
				InitializePlatformSupportModulesInManaged (14ms)
				SetLoadedEditorAssemblies (0ms)
				RefreshPlugins (1ms)
				BeforeProcessingInitializeOnLoad (65ms)
				ProcessInitializeOnLoadAttributes (272ms)
				ProcessInitializeOnLoadMethodAttributes (35ms)
				AfterProcessingInitializeOnLoad (6ms)
				EditorAssembliesLoaded (0ms)
			ExecutionOrderSort2 (0ms)
			AwakeInstancesAfterBackupRestoration (38ms)
Platform modules already initialized, skipping
Refreshing native plugins compatible for Editor in 0.57 ms, found 2 plugins.
Preloading 0 native plugins for Editor in 0.00 ms.
Unloading 2739 Unused Serialized files (Serialized files now loaded: 0)
Unloading 17 unused Assets / (24.7 KB). Loaded Objects now: 3273.
Memory consumption went from 108.9 MB to 108.8 MB.
Total: 3.868400 ms (FindLiveObjects: 0.373500 ms CreateObjectMapping: 0.089600 ms MarkObjects: 3.378900 ms  DeleteObjects: 0.024500 ms)

AssetImportParameters requested are different than current active one (requested -> active):
  custom:video-decoder-ogg-theora: a1e56fd34408186e4bbccfd4996cb3dc -> 
  custom:container-muxer-webm: aa71ff27fc2769a1b78a27578f13a17b -> 
  custom:container-demuxer-webm: 4f35f7cbe854078d1ac9338744f61a02 -> 
  custom:video-encoder-webm-vp8: eb34c28f22e8b96e1ab97ce403110664 -> 
  custom:video-codec-MediaFoundation-h265: 746d11721c4dcdbdad8f713fa42b33f4 -> 
  custom:audio-encoder-webm-vorbis: bf7c407c2cedff20999df2af8eb42d56 -> 
  custom:framework-win-MediaFoundation: 216162199b28c13a410421893ffa2e32 -> 
  custom:container-demuxer-ogg: 62fdf1f143b41e24485cea50d1cbac27 -> 
  custom:video-decoder-webm-vp8: 9c59270c3fd7afecdb556c50c9e8de78 -> 
  custom:audio-decoder-ogg-vorbis: bf7c407c2cedff20999df2af8eb42d56 -> 
========================================================================
Received Import Request.
  Time since last request: 170.232214 seconds.
  path: Assets/Samples/Input System/1.2.0/Rebinding UI/RebindUIPrefab.prefab
  artifactKey: Guid(f25dcd618d3acd64795bf8bb32edb6c9) Importer(815301076,1909f56bfc062723c751e8b465ee728b)
Start importing Assets/Samples/Input System/1.2.0/Rebinding UI/RebindUIPrefab.prefab using Guid(f25dcd618d3acd64795bf8bb32edb6c9) Importer(815301076,1909f56bfc062723c751e8b465ee728b)  -> (artifact id: '8f5efd274bb6bb23bf6be0b6375c65ca') in 0.045244 seconds 
========================================================================
Received Import Request.
  Time since last request: 271.413965 seconds.
  path: Assets/Menu v1
  artifactKey: Guid(cca60dc96925c0840a62ce0d4a1eb7c3) Importer(815301076,1909f56bfc062723c751e8b465ee728b)
Start importing Assets/Menu v1 using Guid(cca60dc96925c0840a62ce0d4a1eb7c3) Importer(815301076,1909f56bfc062723c751e8b465ee728b)  -> (artifact id: '1fd774a2a6a2ef094a03d0efcff39315') in 0.008207 seconds 
========================================================================
Received Import Request.
  Time since last request: 5.153633 seconds.
  path: Assets/Localization
  artifactKey: Guid(08680325ea4e5e4489e985ed6d089ecd) Importer(815301076,1909f56bfc062723c751e8b465ee728b)
Start importing Assets/Localization using Guid(08680325ea4e5e4489e985ed6d089ecd) Importer(815301076,1909f56bfc062723c751e8b465ee728b)  -> (artifact id: '2fd6abfa71d80d13a46d282aeb4cb55c') in 0.008164 seconds 
========================================================================
Received Import Request.
  Time since last request: 14.240676 seconds.
  path: Assets
  artifactKey: Guid(00000000000000001000000000000000) Importer(815301076,1909f56bfc062723c751e8b465ee728b)
Start importing Assets using Guid(00000000000000001000000000000000) Importer(815301076,1909f56bfc062723c751e8b465ee728b)  -> (artifact id: '79842766b460edbeab6a34051e857a80') in 0.008523 seconds 
========================================================================
Received Prepare
Registering precompiled user dll's ...
Registered in 0.004538 seconds.
Begin MonoManager ReloadAssembly
Native extension for WindowsStandalone target not found
Refreshing native plugins compatible for Editor in 0.61 ms, found 2 plugins.
Preloading 0 native plugins for Editor in 0.00 ms.
Mono: successfully reloaded assembly
- Completed reload, in  1.094 seconds
Domain Reload Profiling:
	ReloadAssembly (1095ms)
		BeginReloadAssembly (134ms)
			ExecutionOrderSort (0ms)
			DisableScriptedObjects (6ms)
			BackupInstance (0ms)
			ReleaseScriptingObjects (0ms)
			CreateAndSetChildDomain (39ms)
		EndReloadAssembly (863ms)
			LoadAssemblies (75ms)
			RebuildTransferFunctionScriptingTraits (0ms)
			SetupTypeCache (207ms)
			ReleaseScriptCaches (2ms)
			RebuildScriptCaches (59ms)
			SetupLoadedEditorAssemblies (427ms)
				LogAssemblyErrors (0ms)
				InitializePlatformSupportModulesInManaged (14ms)
				SetLoadedEditorAssemblies (0ms)
				RefreshPlugins (1ms)
				BeforeProcessingInitializeOnLoad (75ms)
				ProcessInitializeOnLoadAttributes (295ms)
				ProcessInitializeOnLoadMethodAttributes (37ms)
				AfterProcessingInitializeOnLoad (6ms)
				EditorAssembliesLoaded (0ms)
			ExecutionOrderSort2 (0ms)
			AwakeInstancesAfterBackupRestoration (39ms)
Platform modules already initialized, skipping
Refreshing native plugins compatible for Editor in 0.63 ms, found 2 plugins.
Preloading 0 native plugins for Editor in 0.00 ms.
Unloading 2739 Unused Serialized files (Serialized files now loaded: 0)
Unloading 18 unused Assets / (25.5 KB). Loaded Objects now: 3275.
Memory consumption went from 108.9 MB to 108.8 MB.
Total: 3.551600 ms (FindLiveObjects: 0.276800 ms CreateObjectMapping: 0.133700 ms MarkObjects: 3.101300 ms  DeleteObjects: 0.037800 ms)

AssetImportParameters requested are different than current active one (requested -> active):
  custom:video-decoder-ogg-theora: a1e56fd34408186e4bbccfd4996cb3dc -> 
  custom:container-muxer-webm: aa71ff27fc2769a1b78a27578f13a17b -> 
  custom:container-demuxer-webm: 4f35f7cbe854078d1ac9338744f61a02 -> 
  custom:video-encoder-webm-vp8: eb34c28f22e8b96e1ab97ce403110664 -> 
  custom:video-codec-MediaFoundation-h265: 746d11721c4dcdbdad8f713fa42b33f4 -> 
  custom:audio-encoder-webm-vorbis: bf7c407c2cedff20999df2af8eb42d56 -> 
  custom:framework-win-MediaFoundation: 216162199b28c13a410421893ffa2e32 -> 
  custom:container-demuxer-ogg: 62fdf1f143b41e24485cea50d1cbac27 -> 
  custom:video-decoder-webm-vp8: 9c59270c3fd7afecdb556c50c9e8de78 -> 
  custom:audio-decoder-ogg-vorbis: bf7c407c2cedff20999df2af8eb42d56 -> 
========================================================================
Received Import Request.
  Time since last request: 7.777094 seconds.
  path: Assets/Menu v2
  artifactKey: Guid(dae4d9dfde29fcc4cb06cb1541d364f7) Importer(815301076,1909f56bfc062723c751e8b465ee728b)
Start importing Assets/Menu v2 using Guid(dae4d9dfde29fcc4cb06cb1541d364f7) Importer(815301076,1909f56bfc062723c751e8b465ee728b)  -> (artifact id: 'b96fc3a18bcd0ebf90e28412e9bdc69e') in 0.010937 seconds 
